INFO:root:Received from localhost -> join-success
INFO:root:Received from localhost -> join-success
INFO:root:Received from localhost -> login-success
INFO:root:Received from localhost -> login-success
INFO:root:Received from localhost -> create-success
INFO:root:Received from localhost -> join_room-success
INFO:root:Received from localhost -> join_room-success
INFO:root:Received from localhost -> login-success
INFO:root:Received from localhost -> login-success
INFO:root:Received from localhost -> login-success
INFO:root:Received from localhost -> login-success
INFO:root:Received from localhost -> login-account-not-exist
INFO:root:Received from localhost -> join-success
INFO:root:Received from localhost -> login-success
INFO:root:Received from localhost -> join-success
INFO:root:Received from localhost -> login-success
INFO:root:Received from localhost -> create-success
INFO:root:Received from localhost -> join_room-success
INFO:root:Received from localhost -> join_room-success
INFO:root:Received from localhost -> login-success
INFO:root:Received from localhost -> login-success
INFO:root:Received from localhost -> create-success
INFO:root:Received from localhost -> create-success
INFO:root:Received from localhost -> join-success
INFO:root:Received from localhost -> login-success
INFO:root:Received from localhost -> join-success
INFO:root:Received from localhost -> login-success
INFO:root:Received from localhost -> create-success
INFO:root:Received from localhost -> join_room-success
INFO:root:Received from localhost -> join_room-success
INFO:root:Received from localhost -> join-success
INFO:root:Received from localhost -> join-success
INFO:root:Received from localhost -> login-success
INFO:root:Received from localhost -> login-success
INFO:root:Received from localhost -> create-success
INFO:root:Received from localhost -> join_room-success
INFO:root:Received from localhost -> join_room-success
INFO:root:Received from localhost -> join-success
INFO:root:Received from localhost -> join-success
INFO:root:Received from localhost -> login-success
INFO:root:Received from localhost -> login-success
INFO:root:Received from localhost -> create-success
INFO:root:Received from localhost -> join_room-success
INFO:root:Received from localhost -> join_room-success
INFO:root:Received from localhost -> login-success
INFO:root:Received from localhost -> already-exist
INFO:root:Received from localhost -> join-success
INFO:root:Received from localhost -> login-success
INFO:root:Received from localhost -> join-success
INFO:root:Received from localhost -> login-success
INFO:root:Received from localhost -> create-success
INFO:root:Received from localhost -> join_room-success
INFO:root:Received from localhost -> join_room-success
INFO:root:Received from localhost -> login-success
INFO:root:Received from localhost -> login-success
INFO:root:Received from localhost -> login-success
INFO:root:Received from localhost -> create-success
INFO:root:Received from localhost -> join_room-success
INFO:root:Received from localhost -> join_room-success
INFO:root:Received from localhost -> join-success
INFO:root:Received from localhost -> login-success
INFO:root:Received from localhost -> join-success
INFO:root:Received from localhost -> login-success
INFO:root:Received from localhost -> create-success
INFO:root:Received from localhost -> join_room-success
INFO:root:Received from localhost -> join_room-success
INFO:root:Received from localhost -> join-success
INFO:root:Received from localhost -> join-success
INFO:root:Received from localhost -> login-success
INFO:root:Received from localhost -> login-success
INFO:root:Received from localhost -> create-success
INFO:root:Received from localhost -> join_room-success
INFO:root:Received from localhost -> join_room-success
INFO:root:Received from localhost -> already-exist
INFO:root:Received from localhost -> join_room-success
INFO:root:Received from localhost -> join-success
INFO:root:Received from localhost -> join-success
INFO:root:Received from localhost -> login-success
INFO:root:Received from localhost -> login-success
INFO:root:Received from localhost -> create-success
INFO:root:Received from localhost -> create-exist
INFO:root:Received from localhost -> login-success
INFO:root:Received from localhost -> join_room-success
INFO:root:Received from localhost -> already-exist
INFO:root:Received from localhost -> login-success
INFO:root:Received from localhost -> join_room-success
INFO:root:Received from localhost -> join_room-success
INFO:root:Received from localhost -> join-success
INFO:root:Received from localhost -> login-success
INFO:root:Received from localhost -> join-success
INFO:root:Received from localhost -> login-success
INFO:root:Received from localhost -> create-success
INFO:root:Received from localhost -> join_room-success
INFO:root:Received from localhost -> join_room-success
INFO:root:Received from localhost -> already-exist
INFO:root:Received from localhost -> join-success
INFO:root:Received from localhost -> login-success
INFO:root:Received from localhost -> create-success
INFO:root:Received from localhost -> join-success
INFO:root:Received from localhost -> login-success
INFO:root:Received from localhost -> join_room-success
INFO:root:Received from localhost -> already-exist
INFO:root:Received from localhost -> join-exist
INFO:root:Received from localhost -> login-success
INFO:root:Received from localhost -> login-success
INFO:root:Received from localhost -> room-not-found
INFO:root:Received from localhost -> login-success
